<?xml version="1.0" encoding="UTF-8"?>
<testsuite xmlns:xsi="http://www.w3.org/2001/XMLSchema-instance" xsi:noNamespaceSchemaLocation="https://maven.apache.org/surefire/maven-surefire-plugin/xsd/surefire-test-report-3.0.xsd" version="3.0" name="com.mahdi.test.Test2" time="35.327" tests="1" errors="0" skipped="0" failures="0">
  <properties>
[...]
</properties>
  <testcase name="test" classname="com.mahdi.test.Test2" time="35.262">
    <system-out><![CDATA[process 2 arrives
process 1 arrives
process 3 arrives
terminated with
Pid AT BT   CT     TT     WT
P1  0 10 35190 35190.0 25190.0
P2  0 15 31184 31184.0 16184.0
P3  0 5 25143 25143.0 20143.0
AVG Waiting Time 20505.666
]]></system-out>
  </testcase>
</testsuite>